1658139210091	geckodriver	INFO	Listening on 127.0.0.1:58106
1658139213143	mozrunner::runner	INFO	Running command: "C:\\Users\\karni\\AppData\\Local\\Mozilla Firefox\\firefox.exe" "--marionette" "--remote-debugging-port" "58107" "--remote-allow-hosts" "localhost" "-no-remote" "-profile" "C:\\Users\\karni\\AppData\\Local\\Temp\\rust_mozprofileNHjX7C"
1658139213775	Marionette	INFO	Marionette enabled
1658139213782	Marionette	INFO	Listening on port 58117
WebDriver BiDi listening on ws://localhost:58107
Read port: 58117
1658139213943	RemoteAgent	WARN	TLS certificate errors will be ignored for this session
console.warn: SearchSettings: "get: No settings file exists, new profile?" (new NotFoundError("Could not open the file at C:\\Users\\karni\\AppData\\Local\\Temp\\rust_mozprofileNHjX7C\\search.json.mozlz4", (void 0)))
DevTools listening on ws://localhost:58107/devtools/browser/9f655b17-7443-4330-a101-bd5aca9f3797
1658139379660	Marionette	INFO	Stopped listening on port 58117
console.warn: TopSitesFeed: Failed to fetch data from Contile server: NetworkError when attempting to fetch resource.
1658139689219	geckodriver	INFO	Listening on 127.0.0.1:58273
1658139692257	mozrunner::runner	INFO	Running command: "C:\\Users\\karni\\AppData\\Local\\Mozilla Firefox\\firefox.exe" "--marionette" "--remote-debugging-port" "58274" "--remote-allow-hosts" "localhost" "-no-remote" "-profile" "C:\\Users\\karni\\AppData\\Local\\Temp\\rust_mozprofileV1NOxP"
1658139692813	Marionette	INFO	Marionette enabled
1658139692822	Marionette	INFO	Listening on port 58283
WebDriver BiDi listening on ws://localhost:58274
Read port: 58283
1658139692994	RemoteAgent	WARN	TLS certificate errors will be ignored for this session
console.warn: SearchSettings: "get: No settings file exists, new profile?" (new NotFoundError("Could not open the file at C:\\Users\\karni\\AppData\\Local\\Temp\\rust_mozprofileV1NOxP\\search.json.mozlz4", (void 0)))
DevTools listening on ws://localhost:58274/devtools/browser/d95237a5-36b4-4827-9698-e3276fffbdfd
1658139804459	geckodriver	INFO	Listening on 127.0.0.1:58333
1658139807509	mozrunner::runner	INFO	Running command: "C:\\Users\\karni\\AppData\\Local\\Mozilla Firefox\\firefox.exe" "--marionette" "--remote-debugging-port" "58334" "--remote-allow-hosts" "localhost" "-no-remote" "-profile" "C:\\Users\\karni\\AppData\\Local\\Temp\\rust_mozprofileQBzX0z"
1658139807915	Marionette	INFO	Marionette enabled
1658139807920	Marionette	INFO	Listening on port 58343
WebDriver BiDi listening on ws://localhost:58334
Read port: 58343
1658139808050	RemoteAgent	WARN	TLS certificate errors will be ignored for this session
console.warn: SearchSettings: "get: No settings file exists, new profile?" (new NotFoundError("Could not open the file at C:\\Users\\karni\\AppData\\Local\\Temp\\rust_mozprofileQBzX0z\\search.json.mozlz4", (void 0)))
DevTools listening on ws://localhost:58334/devtools/browser/2e135cb7-04fc-4659-b3ff-c4edc5622e87
